<?xml version="1.0" encoding="UTF-8"?>
<!-- Generated by org.testng.reporters.JUnitReportReporter -->
<testsuite skipped="0" hostname="Abishek-PC" name="com.qa.test.HRM_Login" tests="1" failures="0" timestamp="2019-12-28T09:54:31 IST" time="31.732" errors="0">
  <testcase name="login" time="31.732" classname="com.qa.test.HRM_Login"/>
</testsuite> <!-- com.qa.test.HRM_Login -->
